{"/Users/sinhyogeun/Desktop/a/src/app.jsx": {"path":"/Users/sinhyogeun/Desktop/a/src/app.jsx","statementMap":{"0":{"start":{"line":4,"column":4},"end":{"line":6,"column":5}}},"fnMap":{"0":{"name":"App","decl":{"start":{"line":3,"column":24},"end":{"line":3,"column":27}},"loc":{"start":{"line":3,"column":30},"end":{"line":7,"column":1}},"line":3}},"branchMap":{},"s":{"0":1},"f":{"0":1},"b":{},"_coverageSchema":"1a1c01bbd47fc00a2c39e90264f33305004495a9","hash":"8276c769bb09457e11ba6008dd54559c5d4afe52"}
}
